%!Adobe-FontList 1.14
%Locale:0x412

%BeginFont
Handler:DirectoryHandler
FontType:Invalid
OutlineFileName:D:\소개\Font\NanumGothic.eot
FileModTime:1425389262
%EndFont

%BeginFont
Handler:DirectoryHandler
FontType:TrueType
FontName:NanumGothic
FamilyName:NanumGothic
StyleName:Regular
FullName:NanumGothic
MenuName:나눔고딕
StyleBits:0
FamilyNameNative:나눔고딕
StyleNameNative:Regular
FullNameNative:나눔고딕
WritingScript:Korean
OutlineFileName:D:\소개\Font\NanumGothic.ttf
DataFormat:sfntData
FileLength:2346372
FileModTime:1254740956
WeightClass:400
WidthClass:5
AngleClass:0
%EndFont

%BeginFont
Handler:DirectoryHandler
FontType:Invalid
OutlineFileName:D:\소개\Font\NanumGothic.woff
FileModTime:1368200666
%EndFont

%BeginFont
Handler:DirectoryHandler
FontType:Invalid
OutlineFileName:D:\소개\Font\NanumGothicBold.eot
FileModTime:1437653930
%EndFont

%BeginFont
Handler:DirectoryHandler
FontType:TrueType
FontName:NanumGothicBold
FamilyName:NanumGothic
StyleName:Bold
FullName:NanumGothicBold
MenuName:나눔고딕
StyleBits:2
FamilyNameNative:나눔고딕
StyleNameNative:Bold
FullNameNative:나눔고딕 Bold
WritingScript:Korean
OutlineFileName:D:\소개\Font\NanumGothicBold.ttf
DataFormat:sfntData
FileLength:4288380
FileModTime:1437654024
WeightClass:600
WidthClass:5
AngleClass:0
%EndFont

%BeginFont
Handler:DirectoryHandler
FontType:Invalid
OutlineFileName:D:\소개\Font\NanumGothicBold.woff
FileModTime:1437654026
%EndFont

%BeginFont
Handler:DirectoryHandler
FontType:Invalid
OutlineFileName:D:\소개\Font\NanumGothicExtraBold.eot
FileModTime:1437654028
%EndFont

%BeginFont
Handler:DirectoryHandler
FontType:TrueType
FontName:NanumGothicExtraBold
FamilyName:NanumGothic
StyleName:ExtraBold
FullName:NanumGothicExtraBold
MenuName:나눔고딕 ExtraBold
StyleBits:0
FamilyNameNative:나눔고딕
StyleNameNative:ExtraBold
FullNameNative:나눔고딕 ExtraBold
WritingScript:Korean
OutlineFileName:D:\소개\Font\NanumGothicExtraBold.ttf
DataFormat:sfntData
FileLength:4171172
FileModTime:1437654030
WeightClass:700
WidthClass:5
AngleClass:0
%EndFont

%BeginFont
Handler:DirectoryHandler
FontType:Invalid
OutlineFileName:D:\소개\Font\NanumGothicExtraBold.woff
FileModTime:1437654032
%EndFont

